  [1m[35m (523.3ms)[0m  [1m[35mCREATE DATABASE "backend_development" ENCODING = 'unicode'[0m
  ↳ bin/rails:9
  [1m[35m (319.7ms)[0m  [1m[35mCREATE DATABASE "backend_test" ENCODING = 'unicode'[0m
  ↳ bin/rails:9
  [1m[35m (17.2ms)[0m  [1m[35mCREATE TABLE "schema_migrations" ("version" character varying NOT NULL PRIMARY KEY)[0m
  ↳ bin/rails:9
  [1m[35m (5.7ms)[0m  [1m[35mCREATE TABLE "ar_internal_metadata" ("key" character varying NOT NULL PRIMARY KEY, "value" character varying, "created_at" timestamp NOT NULL, "updated_at" timestamp NOT NULL)[0m
  ↳ bin/rails:9
  [1m[35m (0.6ms)[0m  [1m[34mSELECT pg_try_advisory_lock(5073945470573576205)[0m
  ↳ bin/rails:9
  [1m[35m (0.4ms)[0m  [1m[34mSELECT "schema_migrations"."version" FROM "schema_migrations" ORDER BY "schema_migrations"."version" ASC[0m
  ↳ bin/rails:9
Migrating to CreateTodos (20190806013300)
  [1m[35m (5.2ms)[0m  [1m[35mBEGIN[0m
  ↳ bin/rails:9
  [1m[35m (6.4ms)[0m  [1m[35mCREATE TABLE "todos" ("id" bigserial primary key, "title" character varying NOT NULL, "body" character varying NOT NULL, "done" boolean, "created_at" timestamp NOT NULL, "updated_at" timestamp NOT NULL)[0m
  ↳ db/migrate/20190806013300_create_todos.rb:3
  [1m[36mActiveRecord::SchemaMigration Create (0.7ms)[0m  [1m[32mINSERT INTO "schema_migrations" ("version") VALUES ($1) RETURNING "version"[0m  [["version", "20190806013300"]]
  ↳ bin/rails:9
  [1m[35m (0.4ms)[0m  [1m[35mCOMMIT[0m
  ↳ bin/rails:9
  [1m[36mActiveRecord::InternalMetadata Load (0.6ms)[0m  [1m[34mSELECT  "ar_internal_metadata".* FROM "ar_internal_metadata" WHERE "ar_internal_metadata"."key" = $1 LIMIT $2[0m  [["key", "environment"], ["LIMIT", 1]]
  ↳ bin/rails:9
  [1m[35m (0.1ms)[0m  [1m[35mBEGIN[0m
  ↳ bin/rails:9
  [1m[36mActiveRecord::InternalMetadata Create (1.3ms)[0m  [1m[32mINSERT INTO "ar_internal_metadata" ("key", "value", "created_at", "updated_at") VALUES ($1, $2, $3, $4) RETURNING "key"[0m  [["key", "environment"], ["value", "development"], ["created_at", "2019-08-06 01:37:28.703282"], ["updated_at", "2019-08-06 01:37:28.703282"]]
  ↳ bin/rails:9
  [1m[35m (0.3ms)[0m  [1m[35mCOMMIT[0m
  ↳ bin/rails:9
  [1m[35m (0.2ms)[0m  [1m[34mSELECT pg_advisory_unlock(5073945470573576205)[0m
  ↳ bin/rails:9
  [1m[35m (0.4ms)[0m  [1m[34mSELECT "schema_migrations"."version" FROM "schema_migrations" ORDER BY "schema_migrations"."version" ASC[0m
  ↳ bin/rails:9
  [1m[35m (0.6ms)[0m  [1m[34mSELECT "schema_migrations"."version" FROM "schema_migrations" ORDER BY "schema_migrations"."version" ASC[0m
  ↳ /Users/tarancacacho/.rbenv/versions/2.6.3/bin/annotate:23
  [1m[35m (0.2ms)[0m  [1m[35mBEGIN[0m
  [1m[36mTodo Create (0.9ms)[0m  [1m[32mINSERT INTO "todos" ("title", "body", "done", "created_at", "updated_at") VALUES ($1, $2, $3, $4, $5) RETURNING "id"[0m  [["title", "Walk the dog"], ["body", "At Sellick Park"], ["done", false], ["created_at", "2019-08-06 01:40:45.808152"], ["updated_at", "2019-08-06 01:40:45.808152"]]
  [1m[35m (0.4ms)[0m  [1m[35mCOMMIT[0m
  [1m[35m (0.1ms)[0m  [1m[35mBEGIN[0m
  [1m[35m (0.1ms)[0m  [1m[35mCOMMIT[0m
  [1m[35m (0.1ms)[0m  [1m[35mBEGIN[0m
  [1m[35m (0.1ms)[0m  [1m[35mCOMMIT[0m
  [1m[35m (1.4ms)[0m  [1m[35mCREATE DATABASE "backend_development" ENCODING = 'unicode'[0m
  ↳ bin/rails:9
  [1m[35m (0.8ms)[0m  [1m[35mCREATE DATABASE "backend_test" ENCODING = 'unicode'[0m
  ↳ bin/rails:9
  [1m[35m (1.1ms)[0m  [1m[34mSELECT "schema_migrations"."version" FROM "schema_migrations" ORDER BY "schema_migrations"."version" ASC[0m
  ↳ bin/rails:9
  [1m[35m (4.9ms)[0m  [1m[34mSELECT "ar_internal_metadata"."value" FROM "ar_internal_metadata" WHERE "ar_internal_metadata"."key" = $1[0m  [["key", "environment"]]
  ↳ bin/rails:9
  [1m[35m (0.2ms)[0m  [1m[34mSELECT "schema_migrations"."version" FROM "schema_migrations" ORDER BY "schema_migrations"."version" ASC[0m
  ↳ bin/rails:9
  [1m[35m (0.1ms)[0m  [1m[34mSELECT "ar_internal_metadata"."value" FROM "ar_internal_metadata" WHERE "ar_internal_metadata"."key" = $1[0m  [["key", "environment"]]
  ↳ bin/rails:9
  [1m[35m (0.2ms)[0m  [1m[34mSELECT "schema_migrations"."version" FROM "schema_migrations" ORDER BY "schema_migrations"."version" ASC[0m
  ↳ bin/rails:9
  [1m[35m (0.1ms)[0m  [1m[34mSELECT "ar_internal_metadata"."value" FROM "ar_internal_metadata" WHERE "ar_internal_metadata"."key" = $1[0m  [["key", "environment"]]
  ↳ bin/rails:9
  [1m[35mSQL (3.4ms)[0m  [1m[35mCREATE EXTENSION IF NOT EXISTS "plpgsql"[0m
  ↳ db/schema.rb:16
  [1m[35m (7.1ms)[0m  [1m[35mDROP TABLE IF EXISTS "todos" CASCADE[0m
  ↳ db/schema.rb:18
  [1m[35m (5.5ms)[0m  [1m[35mCREATE TABLE "todos" ("id" bigserial primary key, "title" character varying NOT NULL, "body" character varying NOT NULL, "done" boolean, "created_at" timestamp NOT NULL, "updated_at" timestamp NOT NULL)[0m
  ↳ db/schema.rb:18
  [1m[35m (0.8ms)[0m  [1m[34mSELECT "schema_migrations"."version" FROM "schema_migrations" ORDER BY "schema_migrations"."version" ASC[0m
  ↳ db/schema.rb:13
  [1m[36mActiveRecord::InternalMetadata Load (0.3ms)[0m  [1m[34mSELECT  "ar_internal_metadata".* FROM "ar_internal_metadata" WHERE "ar_internal_metadata"."key" = $1 LIMIT $2[0m  [["key", "environment"], ["LIMIT", 1]]
  ↳ db/schema.rb:13
  [1m[35m (0.1ms)[0m  [1m[35mBEGIN[0m
  ↳ db/schema.rb:13
  [1m[35m (0.1ms)[0m  [1m[35mCOMMIT[0m
  ↳ db/schema.rb:13
  [1m[36mActiveRecord::InternalMetadata Load (0.2ms)[0m  [1m[34mSELECT  "ar_internal_metadata".* FROM "ar_internal_metadata" WHERE "ar_internal_metadata"."key" = $1 LIMIT $2[0m  [["key", "environment"], ["LIMIT", 1]]
  ↳ bin/rails:9
  [1m[35m (0.1ms)[0m  [1m[35mBEGIN[0m
  ↳ bin/rails:9
  [1m[35m (0.1ms)[0m  [1m[35mCOMMIT[0m
  ↳ bin/rails:9
  [1m[35mSQL (1.1ms)[0m  [1m[35mCREATE EXTENSION IF NOT EXISTS "plpgsql"[0m
  ↳ db/schema.rb:16
  [1m[35m (0.1ms)[0m  [1m[35mDROP TABLE IF EXISTS "todos" CASCADE[0m
  ↳ db/schema.rb:18
  [1m[35m (18.5ms)[0m  [1m[35mCREATE TABLE "todos" ("id" bigserial primary key, "title" character varying NOT NULL, "body" character varying NOT NULL, "done" boolean, "created_at" timestamp NOT NULL, "updated_at" timestamp NOT NULL)[0m
  ↳ db/schema.rb:18
  [1m[35m (3.0ms)[0m  [1m[35mCREATE TABLE "schema_migrations" ("version" character varying NOT NULL PRIMARY KEY)[0m
  ↳ db/schema.rb:13
  [1m[35m (0.7ms)[0m  [1m[34mSELECT "schema_migrations"."version" FROM "schema_migrations" ORDER BY "schema_migrations"."version" ASC[0m
  ↳ db/schema.rb:13
  [1m[35m (0.5ms)[0m  [1m[32mINSERT INTO "schema_migrations" (version) VALUES (20190806013300)[0m
  ↳ db/schema.rb:13
  [1m[35m (2.4ms)[0m  [1m[35mCREATE TABLE "ar_internal_metadata" ("key" character varying NOT NULL PRIMARY KEY, "value" character varying, "created_at" timestamp NOT NULL, "updated_at" timestamp NOT NULL)[0m
  ↳ db/schema.rb:13
  [1m[36mActiveRecord::InternalMetadata Load (0.2ms)[0m  [1m[34mSELECT  "ar_internal_metadata".* FROM "ar_internal_metadata" WHERE "ar_internal_metadata"."key" = $1 LIMIT $2[0m  [["key", "environment"], ["LIMIT", 1]]
  ↳ db/schema.rb:13
  [1m[35m (0.1ms)[0m  [1m[35mBEGIN[0m
  ↳ db/schema.rb:13
  [1m[36mActiveRecord::InternalMetadata Create (0.3ms)[0m  [1m[32mINSERT INTO "ar_internal_metadata" ("key", "value", "created_at", "updated_at") VALUES ($1, $2, $3, $4) RETURNING "key"[0m  [["key", "environment"], ["value", "development"], ["created_at", "2019-08-06 01:58:07.128833"], ["updated_at", "2019-08-06 01:58:07.128833"]]
  ↳ db/schema.rb:13
  [1m[35m (0.2ms)[0m  [1m[35mCOMMIT[0m
  ↳ db/schema.rb:13
  [1m[36mActiveRecord::InternalMetadata Load (0.2ms)[0m  [1m[34mSELECT  "ar_internal_metadata".* FROM "ar_internal_metadata" WHERE "ar_internal_metadata"."key" = $1 LIMIT $2[0m  [["key", "environment"], ["LIMIT", 1]]
  ↳ bin/rails:9
  [1m[35m (0.0ms)[0m  [1m[35mBEGIN[0m
  ↳ bin/rails:9
  [1m[36mActiveRecord::InternalMetadata Update (1.1ms)[0m  [1m[33mUPDATE "ar_internal_metadata" SET "value" = $1, "updated_at" = $2 WHERE "ar_internal_metadata"."key" = $3[0m  [["value", "test"], ["updated_at", "2019-08-06 01:58:07.130996"], ["key", "environment"]]
  ↳ bin/rails:9
  [1m[35m (0.2ms)[0m  [1m[35mCOMMIT[0m
  ↳ bin/rails:9
  [1m[35m (0.6ms)[0m  [1m[34mSELECT "schema_migrations"."version" FROM "schema_migrations" ORDER BY "schema_migrations"."version" ASC[0m
  ↳ bin/rails:9
Started GET "/" for ::1 at 2019-08-05 18:59:19 -0700
  [1m[35m (0.6ms)[0m  [1m[34mSELECT "schema_migrations"."version" FROM "schema_migrations" ORDER BY "schema_migrations"."version" ASC[0m
  ↳ /Users/tarancacacho/.rbenv/versions/2.6.3/lib/ruby/gems/2.6.0/gems/activerecord-5.2.3/lib/active_record/log_subscriber.rb:98
Processing by StaticPagesController#root as HTML
  Rendering static_pages/root.html.erb within layouts/application
  Rendered static_pages/root.html.erb within layouts/application (1.8ms)
Completed 200 OK in 628ms (Views: 627.5ms | ActiveRecord: 0.0ms)


Started GET "/api/todos" for ::1 at 2019-08-05 18:59:51 -0700

NameError - uninitialized constant Api::TodosController:

Started GET "/" for ::1 at 2019-08-05 19:00:39 -0700
Processing by StaticPagesController#root as HTML
  Rendering static_pages/root.html.erb within layouts/application
  Rendered static_pages/root.html.erb within layouts/application (0.2ms)
Completed 200 OK in 10ms (Views: 10.0ms | ActiveRecord: 0.0ms)


Started GET "/api/todos" for ::1 at 2019-08-05 19:00:47 -0700
Processing by Api::TodosController#index as JSON
  [1m[36mTodo Load (3.1ms)[0m  [1m[34mSELECT "todos".* FROM "todos"[0m
  ↳ app/controllers/api/todos_controller.rb:9
Completed 200 OK in 11ms (Views: 1.2ms | ActiveRecord: 6.1ms)


  [1m[36mTodo Load (0.4ms)[0m  [1m[34mSELECT "todos".* FROM "todos"[0m
  [1m[35m (0.2ms)[0m  [1m[35mBEGIN[0m
  [1m[36mTodo Create (0.7ms)[0m  [1m[32mINSERT INTO "todos" ("title", "body", "done", "created_at", "updated_at") VALUES ($1, $2, $3, $4, $5) RETURNING "id"[0m  [["title", "Walk the dog"], ["body", "At Sellick Park"], ["done", false], ["created_at", "2019-08-06 02:01:35.218747"], ["updated_at", "2019-08-06 02:01:35.218747"]]
  [1m[35m (0.3ms)[0m  [1m[35mCOMMIT[0m
  [1m[35m (0.1ms)[0m  [1m[35mBEGIN[0m
  [1m[36mTodo Create (0.2ms)[0m  [1m[32mINSERT INTO "todos" ("title", "body", "done", "created_at", "updated_at") VALUES ($1, $2, $3, $4, $5) RETURNING "id"[0m  [["title", "Get a job"], ["body", "Within the month"], ["done", false], ["created_at", "2019-08-06 02:01:58.212618"], ["updated_at", "2019-08-06 02:01:58.212618"]]
  [1m[35m (0.6ms)[0m  [1m[35mCOMMIT[0m
  [1m[35m (0.1ms)[0m  [1m[35mBEGIN[0m
  [1m[36mTodo Create (0.3ms)[0m  [1m[32mINSERT INTO "todos" ("title", "body", "done", "created_at", "updated_at") VALUES ($1, $2, $3, $4, $5) RETURNING "id"[0m  [["title", "Sell stuff"], ["body", "To pay for debt"], ["done", false], ["created_at", "2019-08-06 02:02:21.379456"], ["updated_at", "2019-08-06 02:02:21.379456"]]
  [1m[35m (0.6ms)[0m  [1m[35mCOMMIT[0m
Started GET "/" for ::1 at 2019-08-05 19:02:27 -0700
Processing by StaticPagesController#root as HTML
  Rendering static_pages/root.html.erb within layouts/application
  Rendered static_pages/root.html.erb within layouts/application (0.2ms)
Completed 200 OK in 10ms (Views: 10.2ms | ActiveRecord: 0.0ms)


Started GET "/api/todos" for ::1 at 2019-08-05 19:02:30 -0700
Processing by Api::TodosController#index as JSON
  [1m[36mTodo Load (0.4ms)[0m  [1m[34mSELECT "todos".* FROM "todos"[0m
  ↳ app/controllers/api/todos_controller.rb:9
Completed 200 OK in 16ms (Views: 10.3ms | ActiveRecord: 5.1ms)


Started GET "/" for ::1 at 2019-08-05 19:04:38 -0700
Processing by StaticPagesController#root as HTML
  Rendering static_pages/root.html.erb within layouts/application
  Rendered static_pages/root.html.erb within layouts/application (0.2ms)
Completed 200 OK in 10ms (Views: 10.2ms | ActiveRecord: 0.0ms)


Started GET "/" for ::1 at 2019-08-05 20:25:27 -0700
  [1m[35m (0.6ms)[0m  [1m[34mSELECT "schema_migrations"."version" FROM "schema_migrations" ORDER BY "schema_migrations"."version" ASC[0m
  ↳ /Users/tarancacacho/.rbenv/versions/2.6.3/lib/ruby/gems/2.6.0/gems/activerecord-5.2.3/lib/active_record/log_subscriber.rb:98
Processing by StaticPagesController#root as HTML
  Rendering static_pages/root.html.erb within layouts/application
  Rendered static_pages/root.html.erb within layouts/application (0.9ms)
Completed 200 OK in 170ms (Views: 169.4ms | ActiveRecord: 0.0ms)


Started GET "/" for ::1 at 2019-08-05 20:27:06 -0700
  [1m[35m (0.9ms)[0m  [1m[34mSELECT "schema_migrations"."version" FROM "schema_migrations" ORDER BY "schema_migrations"."version" ASC[0m
  ↳ /Users/tarancacacho/.rbenv/versions/2.6.3/lib/ruby/gems/2.6.0/gems/activerecord-5.2.3/lib/active_record/log_subscriber.rb:98
Processing by StaticPagesController#root as HTML
  Rendering static_pages/root.html.erb within layouts/application
  Rendered static_pages/root.html.erb within layouts/application (0.3ms)
Completed 200 OK in 182ms (Views: 181.5ms | ActiveRecord: 0.0ms)


Started GET "/" for ::1 at 2019-08-05 20:36:54 -0700
  [1m[35m (1.7ms)[0m  [1m[34mSELECT "schema_migrations"."version" FROM "schema_migrations" ORDER BY "schema_migrations"."version" ASC[0m
  ↳ /Users/tarancacacho/.rbenv/versions/2.6.3/lib/ruby/gems/2.6.0/gems/activerecord-5.2.3/lib/active_record/log_subscriber.rb:98
Processing by StaticPagesController#root as HTML
  Rendering static_pages/root.html.erb within layouts/application
  Rendered static_pages/root.html.erb within layouts/application (1.0ms)
Completed 200 OK in 935ms (Views: 935.2ms | ActiveRecord: 0.0ms)


Started GET "/" for ::1 at 2019-08-05 20:37:28 -0700
Processing by StaticPagesController#root as HTML
  Rendering static_pages/root.html.erb within layouts/application
  Rendered static_pages/root.html.erb within layouts/application (0.2ms)
Completed 200 OK in 292ms (Views: 291.5ms | ActiveRecord: 0.0ms)


Started GET "/" for ::1 at 2019-08-05 20:37:44 -0700
Processing by StaticPagesController#root as HTML
  Rendering static_pages/root.html.erb within layouts/application
  Rendered static_pages/root.html.erb within layouts/application (0.3ms)
Completed 200 OK in 15ms (Views: 14.6ms | ActiveRecord: 0.0ms)


Started GET "/" for ::1 at 2019-08-05 20:39:42 -0700
Processing by StaticPagesController#root as HTML
  Rendering static_pages/root.html.erb within layouts/application
  Rendered static_pages/root.html.erb within layouts/application (0.2ms)
Completed 200 OK in 32ms (Views: 32.3ms | ActiveRecord: 0.0ms)


Started GET "/" for ::1 at 2019-08-05 20:45:58 -0700
Processing by StaticPagesController#root as HTML
  Rendering static_pages/root.html.erb within layouts/application
  Rendered static_pages/root.html.erb within layouts/application (0.2ms)
Completed 200 OK in 244ms (Views: 244.3ms | ActiveRecord: 0.0ms)


Started GET "/" for ::1 at 2019-08-05 20:46:12 -0700
Processing by StaticPagesController#root as HTML
  Rendering static_pages/root.html.erb within layouts/application
  Rendered static_pages/root.html.erb within layouts/application (0.2ms)
Completed 200 OK in 252ms (Views: 252.1ms | ActiveRecord: 0.0ms)


Started GET "/" for ::1 at 2019-08-05 20:46:29 -0700
Processing by StaticPagesController#root as HTML
  Rendering static_pages/root.html.erb within layouts/application
  Rendered static_pages/root.html.erb within layouts/application (0.2ms)
Completed 200 OK in 234ms (Views: 233.7ms | ActiveRecord: 0.0ms)


Started GET "/api/todos" for ::1 at 2019-08-05 20:46:54 -0700
Processing by Api::TodosController#index as JSON
  [1m[36mTodo Load (8.0ms)[0m  [1m[34mSELECT "todos".* FROM "todos"[0m
  ↳ app/controllers/api/todos_controller.rb:9
Completed 200 OK in 28ms (Views: 6.6ms | ActiveRecord: 18.9ms)


Started GET "/" for ::1 at 2019-08-05 20:47:41 -0700
Processing by StaticPagesController#root as HTML
  Rendering static_pages/root.html.erb within layouts/application
  Rendered static_pages/root.html.erb within layouts/application (0.2ms)
Completed 200 OK in 19ms (Views: 18.7ms | ActiveRecord: 0.0ms)


Started GET "/api/todos" for ::1 at 2019-08-05 20:49:08 -0700
Processing by Api::TodosController#index as JSON
  [1m[36mTodo Load (0.2ms)[0m  [1m[34mSELECT "todos".* FROM "todos"[0m
  ↳ app/controllers/api/todos_controller.rb:9
Completed 200 OK in 1ms (Views: 0.8ms | ActiveRecord: 0.2ms)


Started GET "/" for ::1 at 2019-08-05 21:11:41 -0700
Processing by StaticPagesController#root as HTML
  Rendering static_pages/root.html.erb within layouts/application
  Rendered static_pages/root.html.erb within layouts/application (0.2ms)
Completed 200 OK in 252ms (Views: 252.3ms | ActiveRecord: 0.0ms)


Started GET "/" for ::1 at 2019-08-05 21:12:27 -0700
Processing by StaticPagesController#root as HTML
  Rendering static_pages/root.html.erb within layouts/application
  Rendered static_pages/root.html.erb within layouts/application (0.2ms)
Completed 200 OK in 54ms (Views: 53.6ms | ActiveRecord: 0.0ms)


Started GET "/" for ::1 at 2019-08-05 21:12:29 -0700
Processing by StaticPagesController#root as HTML
  Rendering static_pages/root.html.erb within layouts/application
  Rendered static_pages/root.html.erb within layouts/application (0.2ms)
Completed 200 OK in 11ms (Views: 10.9ms | ActiveRecord: 0.0ms)


Started GET "/" for ::1 at 2019-08-05 21:14:43 -0700
Processing by StaticPagesController#root as HTML
  Rendering static_pages/root.html.erb within layouts/application
  Rendered static_pages/root.html.erb within layouts/application (0.2ms)
Completed 200 OK in 11ms (Views: 11.0ms | ActiveRecord: 0.0ms)


Started GET "/" for ::1 at 2019-08-05 21:15:06 -0700
Processing by StaticPagesController#root as HTML
  Rendering static_pages/root.html.erb within layouts/application
  Rendered static_pages/root.html.erb within layouts/application (0.2ms)
Completed 200 OK in 238ms (Views: 237.9ms | ActiveRecord: 0.0ms)


Started GET "/" for ::1 at 2019-08-05 21:25:48 -0700
Processing by StaticPagesController#root as HTML
  Rendering static_pages/root.html.erb within layouts/application
  Rendered static_pages/root.html.erb within layouts/application (0.2ms)
Completed 200 OK in 278ms (Views: 277.9ms | ActiveRecord: 0.0ms)


Started GET "/" for ::1 at 2019-08-05 21:26:08 -0700
Processing by StaticPagesController#root as HTML
  Rendering static_pages/root.html.erb within layouts/application
  Rendered static_pages/root.html.erb within layouts/application (0.2ms)
Completed 200 OK in 242ms (Views: 242.4ms | ActiveRecord: 0.0ms)


Started GET "/" for ::1 at 2019-08-05 21:26:22 -0700
Processing by StaticPagesController#root as HTML
  Rendering static_pages/root.html.erb within layouts/application
  Rendered static_pages/root.html.erb within layouts/application (0.2ms)
Completed 200 OK in 12ms (Views: 11.4ms | ActiveRecord: 0.0ms)


Started GET "/" for ::1 at 2019-08-05 21:26:33 -0700
Processing by StaticPagesController#root as HTML
  Rendering static_pages/root.html.erb within layouts/application
  Rendered static_pages/root.html.erb within layouts/application (0.2ms)
Completed 200 OK in 246ms (Views: 245.7ms | ActiveRecord: 0.0ms)


Started GET "/api/todos" for ::1 at 2019-08-05 21:26:42 -0700
Processing by Api::TodosController#index as JSON
  [1m[36mTodo Load (0.6ms)[0m  [1m[34mSELECT "todos".* FROM "todos"[0m
  ↳ app/controllers/api/todos_controller.rb:9
Completed 200 OK in 2ms (Views: 1.0ms | ActiveRecord: 0.6ms)


Started GET "/" for ::1 at 2019-08-05 21:30:11 -0700
Processing by StaticPagesController#root as HTML
  Rendering static_pages/root.html.erb within layouts/application
  Rendered static_pages/root.html.erb within layouts/application (0.2ms)
Completed 200 OK in 244ms (Views: 244.1ms | ActiveRecord: 0.0ms)


Started GET "/api/todos" for ::1 at 2019-08-05 21:30:11 -0700
Processing by Api::TodosController#index as JSON
  [1m[36mTodo Load (0.3ms)[0m  [1m[34mSELECT "todos".* FROM "todos"[0m
  ↳ app/controllers/api/todos_controller.rb:9
Completed 200 OK in 1ms (Views: 1.0ms | ActiveRecord: 0.3ms)


Started GET "/" for ::1 at 2019-08-05 21:30:13 -0700
Processing by StaticPagesController#root as HTML
  Rendering static_pages/root.html.erb within layouts/application
  Rendered static_pages/root.html.erb within layouts/application (0.2ms)
Completed 200 OK in 13ms (Views: 13.0ms | ActiveRecord: 0.0ms)


Started GET "/api/todos" for ::1 at 2019-08-05 21:30:13 -0700
Processing by Api::TodosController#index as JSON
  [1m[36mTodo Load (0.2ms)[0m  [1m[34mSELECT "todos".* FROM "todos"[0m
  ↳ app/controllers/api/todos_controller.rb:9
Completed 200 OK in 1ms (Views: 0.8ms | ActiveRecord: 0.2ms)


Started GET "/" for ::1 at 2019-08-05 21:30:21 -0700
Processing by StaticPagesController#root as HTML
  Rendering static_pages/root.html.erb within layouts/application
  Rendered static_pages/root.html.erb within layouts/application (0.3ms)
Completed 200 OK in 12ms (Views: 12.0ms | ActiveRecord: 0.0ms)


Started GET "/api/todos" for ::1 at 2019-08-05 21:30:22 -0700
Processing by Api::TodosController#index as JSON
  [1m[36mTodo Load (0.2ms)[0m  [1m[34mSELECT "todos".* FROM "todos"[0m
  ↳ app/controllers/api/todos_controller.rb:9
Completed 200 OK in 1ms (Views: 0.7ms | ActiveRecord: 0.2ms)


Started GET "/" for ::1 at 2019-08-05 21:31:18 -0700
Processing by StaticPagesController#root as HTML
  Rendering static_pages/root.html.erb within layouts/application
  Rendered static_pages/root.html.erb within layouts/application (0.2ms)
Completed 200 OK in 251ms (Views: 251.0ms | ActiveRecord: 0.0ms)


Started GET "/api/todos" for ::1 at 2019-08-05 21:31:18 -0700
Processing by Api::TodosController#index as JSON
  [1m[36mTodo Load (0.2ms)[0m  [1m[34mSELECT "todos".* FROM "todos"[0m
  ↳ app/controllers/api/todos_controller.rb:9
Completed 200 OK in 1ms (Views: 0.9ms | ActiveRecord: 0.2ms)


Started GET "/" for ::1 at 2019-08-05 21:31:21 -0700
Processing by StaticPagesController#root as HTML
  Rendering static_pages/root.html.erb within layouts/application
  Rendered static_pages/root.html.erb within layouts/application (0.2ms)
Completed 200 OK in 15ms (Views: 14.6ms | ActiveRecord: 0.0ms)


Started GET "/api/todos" for ::1 at 2019-08-05 21:31:21 -0700
Processing by Api::TodosController#index as JSON
  [1m[36mTodo Load (0.3ms)[0m  [1m[34mSELECT "todos".* FROM "todos"[0m
  ↳ app/controllers/api/todos_controller.rb:9
Completed 200 OK in 1ms (Views: 1.0ms | ActiveRecord: 0.3ms)


Started GET "/" for ::1 at 2019-08-05 21:31:28 -0700
Processing by StaticPagesController#root as HTML
  Rendering static_pages/root.html.erb within layouts/application
  Rendered static_pages/root.html.erb within layouts/application (0.2ms)
Completed 200 OK in 281ms (Views: 281.1ms | ActiveRecord: 0.0ms)


Started GET "/api/todos" for ::1 at 2019-08-05 21:31:29 -0700
Processing by Api::TodosController#index as JSON
  [1m[36mTodo Load (0.5ms)[0m  [1m[34mSELECT "todos".* FROM "todos"[0m
  ↳ app/controllers/api/todos_controller.rb:9
Completed 200 OK in 1ms (Views: 0.8ms | ActiveRecord: 0.5ms)


Started GET "/" for ::1 at 2019-08-05 21:39:25 -0700
Processing by StaticPagesController#root as HTML
  Rendering static_pages/root.html.erb within layouts/application
  Rendered static_pages/root.html.erb within layouts/application (0.2ms)
Completed 200 OK in 247ms (Views: 246.4ms | ActiveRecord: 0.0ms)


Started GET "/api/todos" for ::1 at 2019-08-05 21:39:25 -0700
Processing by Api::TodosController#index as JSON
  [1m[36mTodo Load (0.6ms)[0m  [1m[34mSELECT "todos".* FROM "todos"[0m
  ↳ app/controllers/api/todos_controller.rb:9
Completed 200 OK in 2ms (Views: 0.9ms | ActiveRecord: 0.6ms)


Started GET "/" for ::1 at 2019-08-05 21:39:27 -0700
Processing by StaticPagesController#root as HTML
  Rendering static_pages/root.html.erb within layouts/application
  Rendered static_pages/root.html.erb within layouts/application (0.2ms)
Completed 200 OK in 12ms (Views: 12.2ms | ActiveRecord: 0.0ms)


Started GET "/api/todos" for ::1 at 2019-08-05 21:39:27 -0700
Processing by Api::TodosController#index as JSON
  [1m[36mTodo Load (0.8ms)[0m  [1m[34mSELECT "todos".* FROM "todos"[0m
  ↳ app/controllers/api/todos_controller.rb:9
Completed 200 OK in 2ms (Views: 0.9ms | ActiveRecord: 0.8ms)


Started GET "/" for ::1 at 2019-08-05 21:40:08 -0700
Processing by StaticPagesController#root as HTML
  Rendering static_pages/root.html.erb within layouts/application
  Rendered static_pages/root.html.erb within layouts/application (0.2ms)
Completed 200 OK in 15ms (Views: 15.3ms | ActiveRecord: 0.0ms)


Started GET "/api/todos" for ::1 at 2019-08-05 21:40:09 -0700
Processing by Api::TodosController#index as JSON
  [1m[36mTodo Load (0.8ms)[0m  [1m[34mSELECT "todos".* FROM "todos"[0m
  ↳ app/controllers/api/todos_controller.rb:9
Completed 200 OK in 2ms (Views: 0.9ms | ActiveRecord: 0.8ms)


Started GET "/" for ::1 at 2019-08-05 21:41:31 -0700
Processing by StaticPagesController#root as HTML
  Rendering static_pages/root.html.erb within layouts/application
  Rendered static_pages/root.html.erb within layouts/application (0.2ms)
Completed 200 OK in 237ms (Views: 237.1ms | ActiveRecord: 0.0ms)


Started GET "/api/todos" for ::1 at 2019-08-05 21:41:32 -0700
Processing by Api::TodosController#index as JSON
  [1m[36mTodo Load (0.2ms)[0m  [1m[34mSELECT "todos".* FROM "todos"[0m
  ↳ app/controllers/api/todos_controller.rb:9
Completed 200 OK in 1ms (Views: 0.7ms | ActiveRecord: 0.2ms)


Started POST "/api/todos" for ::1 at 2019-08-05 21:41:37 -0700
Processing by Api::TodosController#create as JSON
Completed 400 Bad Request in 1ms (ActiveRecord: 0.0ms)



ActionController::ParameterMissing - param is missing or the value is empty: todo:
  app/controllers/api/todos_controller.rb:23:in `todo_params'
  app/controllers/api/todos_controller.rb:13:in `create'

Started GET "/" for ::1 at 2019-08-05 21:48:23 -0700
  [1m[35m (0.6ms)[0m  [1m[34mSELECT "schema_migrations"."version" FROM "schema_migrations" ORDER BY "schema_migrations"."version" ASC[0m
  ↳ /Users/tarancacacho/.rbenv/versions/2.6.3/lib/ruby/gems/2.6.0/gems/activerecord-5.2.3/lib/active_record/log_subscriber.rb:98
Processing by StaticPagesController#root as HTML
  Rendering static_pages/root.html.erb within layouts/application
  Rendered static_pages/root.html.erb within layouts/application (1.0ms)
Completed 200 OK in 1268ms (Views: 1268.2ms | ActiveRecord: 0.0ms)


Started GET "/api/todos" for ::1 at 2019-08-05 21:48:24 -0700
Processing by Api::TodosController#index as JSON
  [1m[36mTodo Load (3.5ms)[0m  [1m[34mSELECT "todos".* FROM "todos"[0m
  ↳ app/controllers/api/todos_controller.rb:9
Completed 200 OK in 33ms (Views: 6.4ms | ActiveRecord: 23.4ms)


Started POST "/api/todos" for ::1 at 2019-08-05 21:48:29 -0700
Processing by Api::TodosController#create as JSON
Completed 400 Bad Request in 1ms (ActiveRecord: 0.0ms)



ActionController::ParameterMissing - param is missing or the value is empty: todo:
  app/controllers/api/todos_controller.rb:23:in `todo_params'
  app/controllers/api/todos_controller.rb:13:in `create'

Started POST "/api/todos" for ::1 at 2019-08-05 21:49:38 -0700
Processing by Api::TodosController#create as JSON
Completed 400 Bad Request in 2ms (ActiveRecord: 0.0ms)



ActionController::ParameterMissing - param is missing or the value is empty: todo:
  app/controllers/api/todos_controller.rb:24:in `todo_params'
  app/controllers/api/todos_controller.rb:13:in `create'

Started GET "/" for ::1 at 2019-08-05 21:49:57 -0700
Processing by StaticPagesController#root as HTML
  Rendering static_pages/root.html.erb within layouts/application
  Rendered static_pages/root.html.erb within layouts/application (0.2ms)
Completed 200 OK in 10ms (Views: 10.2ms | ActiveRecord: 0.0ms)


Started GET "/api/todos" for ::1 at 2019-08-05 21:49:58 -0700
Processing by Api::TodosController#index as JSON
  [1m[36mTodo Load (3.9ms)[0m  [1m[34mSELECT "todos".* FROM "todos"[0m
  ↳ app/controllers/api/todos_controller.rb:9
Completed 200 OK in 27ms (Views: 6.4ms | ActiveRecord: 19.1ms)


Started POST "/api/todos" for ::1 at 2019-08-05 21:50:04 -0700
Processing by Api::TodosController#create as JSON
Completed 400 Bad Request in 1ms (ActiveRecord: 0.0ms)



ActionController::ParameterMissing - param is missing or the value is empty: todo:
  app/controllers/api/todos_controller.rb:24:in `todo_params'
  app/controllers/api/todos_controller.rb:14:in `create'

Started GET "/" for ::1 at 2019-08-05 21:52:24 -0700
Processing by StaticPagesController#root as HTML
  Rendering static_pages/root.html.erb within layouts/application
  Rendered static_pages/root.html.erb within layouts/application (0.2ms)
Completed 200 OK in 236ms (Views: 235.5ms | ActiveRecord: 0.0ms)


Started GET "/api/todos" for ::1 at 2019-08-05 21:52:25 -0700
Processing by Api::TodosController#index as JSON
  [1m[36mTodo Load (0.9ms)[0m  [1m[34mSELECT "todos".* FROM "todos"[0m
  ↳ app/controllers/api/todos_controller.rb:9
Completed 200 OK in 28ms (Views: 15.7ms | ActiveRecord: 10.1ms)


Started POST "/api/todos" for ::1 at 2019-08-05 21:52:32 -0700
Processing by Api::TodosController#create as JSON
  Parameters: {"id"=>"1565067152709", "title"=>"Finish Todos", "body"=>"So meta", "done"=>"false"}
Completed 400 Bad Request in 1ms (ActiveRecord: 0.0ms)



ActionController::ParameterMissing - param is missing or the value is empty: todo:
  app/controllers/api/todos_controller.rb:24:in `todo_params'
  app/controllers/api/todos_controller.rb:14:in `create'

Started GET "/" for ::1 at 2019-08-05 21:56:11 -0700
Processing by StaticPagesController#root as HTML
  Rendering static_pages/root.html.erb within layouts/application
  Rendered static_pages/root.html.erb within layouts/application (0.3ms)
Completed 200 OK in 255ms (Views: 254.8ms | ActiveRecord: 0.0ms)


Started GET "/api/todos" for ::1 at 2019-08-05 21:56:12 -0700
Processing by Api::TodosController#index as JSON
  [1m[36mTodo Load (4.8ms)[0m  [1m[34mSELECT "todos".* FROM "todos"[0m
  ↳ app/controllers/api/todos_controller.rb:9
Completed 200 OK in 50ms (Views: 4.6ms | ActiveRecord: 43.2ms)


Started POST "/api/todos" for ::1 at 2019-08-05 21:56:17 -0700
Processing by Api::TodosController#create as JSON
  Parameters: {"id"=>"1565067377524", "title"=>"Test", "body"=>"Test", "done"=>"false"}
Completed 400 Bad Request in 1ms (ActiveRecord: 0.0ms)



ActionController::ParameterMissing - param is missing or the value is empty: todo:
  app/controllers/api/todos_controller.rb:23:in `todo_params'
  app/controllers/api/todos_controller.rb:13:in `create'

Started GET "/" for ::1 at 2019-08-05 21:56:50 -0700
Processing by StaticPagesController#root as HTML
  Rendering static_pages/root.html.erb within layouts/application
  Rendered static_pages/root.html.erb within layouts/application (0.2ms)
Completed 200 OK in 244ms (Views: 243.8ms | ActiveRecord: 0.0ms)


Started GET "/api/todos" for ::1 at 2019-08-05 21:56:50 -0700
Processing by Api::TodosController#index as JSON
  [1m[36mTodo Load (0.3ms)[0m  [1m[34mSELECT "todos".* FROM "todos"[0m
  ↳ app/controllers/api/todos_controller.rb:9
Completed 200 OK in 2ms (Views: 1.3ms | ActiveRecord: 0.3ms)


Started POST "/api/todos" for ::1 at 2019-08-05 21:56:53 -0700
Processing by Api::TodosController#create as JSON
  Parameters: {"id"=>"1565067413169", "title"=>"test", "body"=>"test", "done"=>"false"}
Completed 400 Bad Request in 1ms (ActiveRecord: 0.0ms)



ActionController::ParameterMissing - param is missing or the value is empty: todo:
  app/controllers/api/todos_controller.rb:23:in `todo_params'
  app/controllers/api/todos_controller.rb:13:in `create'

Started GET "/" for ::1 at 2019-08-05 22:01:40 -0700
Processing by StaticPagesController#root as HTML
  Rendering static_pages/root.html.erb within layouts/application
  Rendered static_pages/root.html.erb within layouts/application (0.3ms)
Completed 200 OK in 55ms (Views: 55.4ms | ActiveRecord: 0.0ms)


Started GET "/api/todos" for ::1 at 2019-08-05 22:01:40 -0700
Processing by Api::TodosController#index as JSON
  [1m[36mTodo Load (14.0ms)[0m  [1m[34mSELECT "todos".* FROM "todos"[0m
  ↳ app/controllers/api/todos_controller.rb:9
Completed 200 OK in 43ms (Views: 5.9ms | ActiveRecord: 34.7ms)


Started POST "/api/todos" for ::1 at 2019-08-05 22:01:44 -0700
Processing by Api::TodosController#create as JSON
  Parameters: {"id"=>"1565067704603", "title"=>"Finish Todos", "body"=>"So meta", "done"=>"false"}
Unpermitted parameters: :id, :format
  [1m[35m (0.2ms)[0m  [1m[35mBEGIN[0m
  ↳ app/controllers/api/todos_controller.rb:14
  [1m[36mTodo Create (2.8ms)[0m  [1m[32mINSERT INTO "todos" ("title", "body", "done", "created_at", "updated_at") VALUES ($1, $2, $3, $4, $5) RETURNING "id"[0m  [["title", "Finish Todos"], ["body", "So meta"], ["done", false], ["created_at", "2019-08-06 05:01:44.609488"], ["updated_at", "2019-08-06 05:01:44.609488"]]
  ↳ app/controllers/api/todos_controller.rb:14
  [1m[35m (0.4ms)[0m  [1m[35mCOMMIT[0m
  ↳ app/controllers/api/todos_controller.rb:14
Completed 200 OK in 6ms (Views: 0.2ms | ActiveRecord: 3.3ms)


  [1m[36mTodo Load (0.6ms)[0m  [1m[34mSELECT "todos".* FROM "todos"[0m
Started GET "/" for ::1 at 2019-08-05 22:02:11 -0700
Processing by StaticPagesController#root as HTML
  Rendering static_pages/root.html.erb within layouts/application
  Rendered static_pages/root.html.erb within layouts/application (0.3ms)
Completed 200 OK in 17ms (Views: 17.4ms | ActiveRecord: 0.0ms)


Started GET "/api/todos" for ::1 at 2019-08-05 22:02:11 -0700
Processing by Api::TodosController#index as JSON
  [1m[36mTodo Load (0.4ms)[0m  [1m[34mSELECT "todos".* FROM "todos"[0m
  ↳ app/controllers/api/todos_controller.rb:9
Completed 200 OK in 1ms (Views: 0.9ms | ActiveRecord: 0.4ms)


